<?xml version="1.0" encoding="UTF-8"?>
<testsuite xmlns:xsi="http://www.w3.org/2001/XMLSchema-instance" xsi:noNamespaceSchemaLocation="https://maven.apache.org/surefire/maven-surefire-plugin/xsd/surefire-test-report.xsd" name="com.itheima.MapperTest" time="20.069" tests="1" errors="1" skipped="0" failures="0">
  <properties>
[...]
</properties>
  <testcase name="test" classname="com.itheima.MapperTest" time="12.548">
    <error message="Unable to connect to Redis; nested exception is io.lettuce.core.RedisConnectionException: Unable to connect to 192.168.25.129:6379" type="org.springframework.data.redis.RedisConnectionFailureException">org.springframework.data.redis.RedisConnectionFailureException: Unable to connect to Redis; nested exception is io.lettuce.core.RedisConnectionException: Unable to connect to 192.168.25.129:6379
	at com.itheima.MapperTest.test(MapperTest.java:33)
Caused by: io.lettuce.core.RedisConnectionException: Unable to connect to 192.168.25.129:6379
	at com.itheima.MapperTest.test(MapperTest.java:33)
Caused by: io.netty.channel.ConnectTimeoutException: connection timed out: /192.168.25.129:6379
</error>
    <system-out><![CDATA[22:49:42.039 [main] DEBUG org.springframework.test.context.junit4.SpringJUnit4ClassRunner - SpringJUnit4ClassRunner constructor called with [class com.itheima.MapperTest]
22:49:42.047 [main] DEBUG org.springframework.test.context.BootstrapUtils - Instantiating CacheAwareContextLoaderDelegate from class [org.springframework.test.context.cache.DefaultCacheAwareContextLoaderDelegate]
22:49:42.074 [main] DEBUG org.springframework.test.context.BootstrapUtils - Instantiating BootstrapContext using constructor [public org.springframework.test.context.support.DefaultBootstrapContext(java.lang.Class,org.springframework.test.context.CacheAwareContextLoaderDelegate)]
22:49:42.141 [main] DEBUG org.springframework.test.context.BootstrapUtils - Instantiating TestContextBootstrapper for test class [com.itheima.MapperTest] from class [org.springframework.boot.test.context.SpringBootTestContextBootstrapper]
22:49:42.201 [main] INFO org.springframework.boot.test.context.SpringBootTestContextBootstrapper - Neither @ContextConfiguration nor @ContextHierarchy found for test class [com.itheima.MapperTest], using SpringBootContextLoader
22:49:42.206 [main] DEBUG org.springframework.test.context.support.AbstractContextLoader - Did not detect default resource location for test class [com.itheima.MapperTest]: class path resource [com/itheima/MapperTest-context.xml] does not exist
22:49:42.207 [main] DEBUG org.springframework.test.context.support.AbstractContextLoader - Did not detect default resource location for test class [com.itheima.MapperTest]: class path resource [com/itheima/MapperTestContext.groovy] does not exist
22:49:42.207 [main] INFO org.springframework.test.context.support.AbstractContextLoader - Could not detect default resource locations for test class [com.itheima.MapperTest]: no resource found for suffixes {-context.xml, Context.groovy}.
22:49:42.347 [main] DEBUG org.springframework.test.context.support.ActiveProfilesUtils - Could not find an 'annotation declaring class' for annotation type [org.springframework.test.context.ActiveProfiles] and class [com.itheima.MapperTest]
22:49:42.596 [main] DEBUG org.springframework.boot.test.context.SpringBootTestContextBootstrapper - @TestExecutionListeners is not present for class [com.itheima.MapperTest]: using defaults.
22:49:42.597 [main] INFO org.springframework.boot.test.context.SpringBootTestContextBootstrapper - Loaded default TestExecutionListener class names from location [META-INF/spring.factories]: [org.springframework.boot.test.mock.mockito.MockitoTestExecutionListener, org.springframework.boot.test.mock.mockito.ResetMocksTestExecutionListener, org.springframework.boot.test.autoconfigure.restdocs.RestDocsTestExecutionListener, org.springframework.boot.test.autoconfigure.web.client.MockRestServiceServerResetTestExecutionListener, org.springframework.boot.test.autoconfigure.web.servlet.MockMvcPrintOnlyOnFailureTestExecutionListener, org.springframework.boot.test.autoconfigure.web.servlet.WebDriverTestExecutionListener, org.springframework.test.context.web.ServletTestExecutionListener, org.springframework.test.context.support.DirtiesContextBeforeModesTestExecutionListener, org.springframework.test.context.support.DependencyInjectionTestExecutionListener, org.springframework.test.context.support.DirtiesContextTestExecutionListener, org.springframework.test.context.transaction.TransactionalTestExecutionListener, org.springframework.test.context.jdbc.SqlScriptsTestExecutionListener]
22:49:42.847 [main] INFO org.springframework.boot.test.context.SpringBootTestContextBootstrapper - Using TestExecutionListeners: [org.springframework.test.context.web.ServletTestExecutionListener@1cbb87f3, org.springframework.test.context.support.DirtiesContextBeforeModesTestExecutionListener@1a4013, org.springframework.boot.test.mock.mockito.MockitoTestExecutionListener@1b6e1eff, org.springframework.boot.test.autoconfigure.SpringBootDependencyInjectionTestExecutionListener@306f16f3, org.springframework.test.context.support.DirtiesContextTestExecutionListener@702b8b12, org.springframework.test.context.transaction.TransactionalTestExecutionListener@22e357dc, org.springframework.test.context.jdbc.SqlScriptsTestExecutionListener@49912c99, org.springframework.boot.test.mock.mockito.ResetMocksTestExecutionListener@10163d6, org.springframework.boot.test.autoconfigure.restdocs.RestDocsTestExecutionListener@2dde1bff, org.springframework.boot.test.autoconfigure.web.client.MockRestServiceServerResetTestExecutionListener@15bbf42f, org.springframework.boot.test.autoconfigure.web.servlet.MockMvcPrintOnlyOnFailureTestExecutionListener@550ee7e5, org.springframework.boot.test.autoconfigure.web.servlet.WebDriverTestExecutionListener@5f9b2141]
22:49:42.849 [main] DEBUG org.springframework.test.annotation.ProfileValueUtils - Retrieved @ProfileValueSourceConfiguration [null] for test class [com.itheima.MapperTest]
22:49:42.849 [main] DEBUG org.springframework.test.annotation.ProfileValueUtils - Retrieved ProfileValueSource type [class org.springframework.test.annotation.SystemProfileValueSource] for class [com.itheima.MapperTest]
22:49:42.850 [main] DEBUG org.springframework.test.annotation.ProfileValueUtils - Retrieved @ProfileValueSourceConfiguration [null] for test class [com.itheima.MapperTest]
22:49:42.850 [main] DEBUG org.springframework.test.annotation.ProfileValueUtils - Retrieved ProfileValueSource type [class org.springframework.test.annotation.SystemProfileValueSource] for class [com.itheima.MapperTest]
22:49:42.852 [main] DEBUG org.springframework.test.annotation.ProfileValueUtils - Retrieved @ProfileValueSourceConfiguration [null] for test class [com.itheima.MapperTest]
22:49:42.852 [main] DEBUG org.springframework.test.annotation.ProfileValueUtils - Retrieved ProfileValueSource type [class org.springframework.test.annotation.SystemProfileValueSource] for class [com.itheima.MapperTest]
22:49:42.856 [main] DEBUG org.springframework.test.context.support.AbstractDirtiesContextTestExecutionListener - Before test class: context [DefaultTestContext@2b48a640 testClass = MapperTest, testInstance = [null], testMethod = [null], testException = [null], mergedContextConfiguration = [WebMergedContextConfiguration@1e683a3e testClass = MapperTest, locations = '{}', classes = '{class com.itheima.MySpringBootApplication, class com.itheima.MySpringBootApplication}', contextInitializerClasses = '[]', activeProfiles = '{}', propertySourceLocations = '{}', propertySourceProperties = '{org.springframework.boot.test.context.SpringBootTestContextBootstrapper=true}', contextCustomizers = set[org.springframework.boot.test.context.filter.ExcludeFilterContextCustomizer@5e955596, org.springframework.boot.test.json.DuplicateJsonObjectContextCustomizerFactory$DuplicateJsonObjectContextCustomizer@60438a68, org.springframework.boot.test.mock.mockito.MockitoContextCustomizer@0, org.springframework.boot.test.web.client.TestRestTemplateContextCustomizer@1efee8e7, org.springframework.boot.test.autoconfigure.properties.PropertyMappingContextCustomizer@0, org.springframework.boot.test.autoconfigure.web.servlet.WebDriverContextCustomizerFactory$Customizer@7fad8c79], resourceBasePath = 'src/main/webapp', contextLoader = 'org.springframework.boot.test.context.SpringBootContextLoader', parent = [null]], attributes = map['org.springframework.test.context.web.ServletTestExecutionListener.activateListener' -> true]], class annotated with @DirtiesContext [false] with mode [null].
22:49:42.857 [main] DEBUG org.springframework.test.annotation.ProfileValueUtils - Retrieved @ProfileValueSourceConfiguration [null] for test class [com.itheima.MapperTest]
22:49:42.857 [main] DEBUG org.springframework.test.annotation.ProfileValueUtils - Retrieved ProfileValueSource type [class org.springframework.test.annotation.SystemProfileValueSource] for class [com.itheima.MapperTest]
22:49:42.917 [main] DEBUG org.springframework.core.env.StandardEnvironment - Adding PropertySource 'systemProperties' with lowest search precedence
22:49:42.917 [main] DEBUG org.springframework.core.env.StandardEnvironment - Adding PropertySource 'systemEnvironment' with lowest search precedence
22:49:42.917 [main] DEBUG org.springframework.core.env.StandardEnvironment - Initialized StandardEnvironment with PropertySources [MapPropertySource@252553541 {name='systemProperties', properties={java.runtime.name=Java(TM) SE Runtime Environment, sun.boot.library.path=E:\Java\jdk1.8.0_131\jre\bin, java.vm.version=25.131-b11, java.vm.vendor=Oracle Corporation, java.vendor.url=http://java.oracle.com/, path.separator=;, java.vm.name=Java HotSpot(TM) 64-Bit Server VM, file.encoding.pkg=sun.io, user.country=CN, user.script=, sun.java.launcher=SUN_STANDARD, sun.os.patch.level=, java.vm.specification.name=Java Virtual Machine Specification, user.dir=E:\IdeaProjects\springboot_quick, java.runtime.version=1.8.0_131-b11, basedir=E:\IdeaProjects\springboot_quick, java.awt.graphicsenv=sun.awt.Win32GraphicsEnvironment, java.endorsed.dirs=E:\Java\jdk1.8.0_131\jre\lib\endorsed, os.arch=amd64, surefire.real.class.path=C:\Users\KAIHAI~1\AppData\Local\Temp\surefire1821893772878514563\surefirebooter738540644359898052.jar, java.io.tmpdir=C:\Users\KAIHAI~1\AppData\Local\Temp\, line.separator=
, java.vm.specification.vendor=Oracle Corporation, user.variant=, os.name=Windows 10, sun.jnu.encoding=GBK, java.library.path=E:\Java\jdk1.8.0_131\jre\bin;C:\WINDOWS\Sun\Java\bin;C:\WINDOWS\system32;C:\WINDOWS;C:\Program Files (x86)\Common Files\Intel\Shared Files\cpp\bin\Intel64;E:\Java\jdk1.8.0_131\bin;E:\Java\jdk1.8.0_131\jre\bin;C:\Program Files (x86)\Intel\iCLS Client\;C:\Program Files\Intel\iCLS Client\;C:\Windows\system32;C:\Windows;C:\Windows\System32\Wbem;C:\Windows\System32\WindowsPowerShell\v1.0\;C:\Program Files (x86)\NVIDIA Corporation\PhysX\Common;C:\Program Files (x86)\Intel\Intel(R) Management Engine Components\DAL;C:\Program Files\Intel\Intel(R) Management Engine Components\DAL;C:\Program Files (x86)\Intel\Intel(R) Management Engine Components\IPT;C:\Program Files\Intel\Intel(R) Management Engine Components\IPT;E:\apache-tomcat-7.0.78\lib;E:\apache-tomcat-7.0.78\bin;E:\instantclient_11_2;C:\Program Files\TortoiseSVN\bin;E:\apache-cxf-3.1.10\bin;E:\python27;E:\maven\apache-maven-3.3.9\bin;E:\Android\android-sdk-windows\platform-tools;E:\Android\android-sdk-windows\tools;E:\apache-ant-1.9.6\bin;D:\nodejs\;E:\MySQL\MySQL Server 5.5\bin;C:\WINDOWS\system32;C:\WINDOWS;C:\WINDOWS\System32\Wbem;C:\WINDOWS\System32\WindowsPowerShell\v1.0\;E:\VisualSVN Server\bin;C:\WINDOWS\System32\OpenSSH\;E:\Git\cmd;C:\Program Files\MongoDB\Server\4.2\bin;C:\Users\KaiHai  Tang\AppData\Roaming\npm\node_modules;C:\Users\KaiHai  Tang\AppData\Local\Microsoft\WindowsApps;;E:\Programs\Microsoft VS Code\bin;., surefire.test.class.path=E:\IdeaProjects\springboot_quick\target\test-classes;E:\IdeaProjects\springboot_quick\target\classes;E:\maven\maven_repository\org\springframework\boot\spring-boot-starter-web\2.0.1.RELEASE\spring-boot-starter-web-2.0.1.RELEASE.jar;E:\maven\maven_repository\org\springframework\boot\spring-boot-starter\2.0.1.RELEASE\spring-boot-starter-2.0.1.RELEASE.jar;E:\maven\maven_repository\org\springframework\boot\spring-boot-starter-logging\2.0.1.RELEASE\spring-boot-starter-logging-2.0.1.RELEASE.jar;E:\maven\maven_repository\ch\qos\logback\logback-classic\1.2.3\logback-classic-1.2.3.jar;E:\maven\maven_repository\ch\qos\logback\logback-core\1.2.3\logback-core-1.2.3.jar;E:\maven\maven_repository\org\apache\logging\log4j\log4j-to-slf4j\2.10.0\log4j-to-slf4j-2.10.0.jar;E:\maven\maven_repository\org\apache\logging\log4j\log4j-api\2.10.0\log4j-api-2.10.0.jar;E:\maven\maven_repository\org\slf4j\jul-to-slf4j\1.7.25\jul-to-slf4j-1.7.25.jar;E:\maven\maven_repository\javax\annotation\javax.annotation-api\1.3.2\javax.annotation-api-1.3.2.jar;E:\maven\maven_repository\org\yaml\snakeyaml\1.19\snakeyaml-1.19.jar;E:\maven\maven_repository\org\springframework\boot\spring-boot-starter-json\2.0.1.RELEASE\spring-boot-starter-json-2.0.1.RELEASE.jar;E:\maven\maven_repository\com\fasterxml\jackson\core\jackson-databind\2.9.5\jackson-databind-2.9.5.jar;E:\maven\maven_repository\com\fasterxml\jackson\core\jackson-annotations\2.9.0\jackson-annotations-2.9.0.jar;E:\maven\maven_repository\com\fasterxml\jackson\core\jackson-core\2.9.5\jackson-core-2.9.5.jar;E:\maven\maven_repository\com\fasterxml\jackson\datatype\jackson-datatype-jdk8\2.9.5\jackson-datatype-jdk8-2.9.5.jar;E:\maven\maven_repository\com\fasterxml\jackson\datatype\jackson-datatype-jsr310\2.9.5\jackson-datatype-jsr310-2.9.5.jar;E:\maven\maven_repository\com\fasterxml\jackson\module\jackson-module-parameter-names\2.9.5\jackson-module-parameter-names-2.9.5.jar;E:\maven\maven_repository\org\springframework\boot\spring-boot-starter-tomcat\2.0.1.RELEASE\spring-boot-starter-tomcat-2.0.1.RELEASE.jar;E:\maven\maven_repository\org\apache\tomcat\embed\tomcat-embed-core\8.5.29\tomcat-embed-core-8.5.29.jar;E:\maven\maven_repository\org\apache\tomcat\embed\tomcat-embed-el\8.5.29\tomcat-embed-el-8.5.29.jar;E:\maven\maven_repository\org\apache\tomcat\embed\tomcat-embed-websocket\8.5.29\tomcat-embed-websocket-8.5.29.jar;E:\maven\maven_repository\org\hibernate\validator\hibernate-validator\6.0.9.Final\hibernate-validator-6.0.9.Final.jar;E:\maven\maven_repository\javax\validation\validation-api\2.0.1.Final\validation-api-2.0.1.Final.jar;E:\maven\maven_repository\org\jboss\logging\jboss-logging\3.3.2.Final\jboss-logging-3.3.2.Final.jar;E:\maven\maven_repository\com\fasterxml\classmate\1.3.4\classmate-1.3.4.jar;E:\maven\maven_repository\org\springframework\spring-web\5.0.5.RELEASE\spring-web-5.0.5.RELEASE.jar;E:\maven\maven_repository\org\springframework\spring-beans\5.0.5.RELEASE\spring-beans-5.0.5.RELEASE.jar;E:\maven\maven_repository\org\springframework\spring-webmvc\5.0.5.RELEASE\spring-webmvc-5.0.5.RELEASE.jar;E:\maven\maven_repository\org\springframework\spring-aop\5.0.5.RELEASE\spring-aop-5.0.5.RELEASE.jar;E:\maven\maven_repository\org\springframework\spring-context\5.0.5.RELEASE\spring-context-5.0.5.RELEASE.jar;E:\maven\maven_repository\org\springframework\spring-expression\5.0.5.RELEASE\spring-expression-5.0.5.RELEASE.jar;E:\maven\maven_repository\org\springframework\boot\spring-boot-devtools\2.0.1.RELEASE\spring-boot-devtools-2.0.1.RELEASE.jar;E:\maven\maven_repository\org\springframework\boot\spring-boot\2.0.1.RELEASE\spring-boot-2.0.1.RELEASE.jar;E:\maven\maven_repository\org\springframework\boot\spring-boot-autoconfigure\2.0.1.RELEASE\spring-boot-autoconfigure-2.0.1.RELEASE.jar;E:\maven\maven_repository\org\springframework\boot\spring-boot-configuration-processor\2.0.1.RELEASE\spring-boot-configuration-processor-2.0.1.RELEASE.jar;E:\maven\maven_repository\org\mybatis\spring\boot\mybatis-spring-boot-starter\1.1.1\mybatis-spring-boot-starter-1.1.1.jar;E:\maven\maven_repository\org\mybatis\spring\boot\mybatis-spring-boot-autoconfigure\1.1.1\mybatis-spring-boot-autoconfigure-1.1.1.jar;E:\maven\maven_repository\org\mybatis\mybatis\3.4.0\mybatis-3.4.0.jar;E:\maven\maven_repository\org\mybatis\mybatis-spring\1.3.0\mybatis-spring-1.3.0.jar;E:\maven\maven_repository\org\springframework\boot\spring-boot-starter-jdbc\2.0.1.RELEASE\spring-boot-starter-jdbc-2.0.1.RELEASE.jar;E:\maven\maven_repository\com\zaxxer\HikariCP\2.7.8\HikariCP-2.7.8.jar;E:\maven\maven_repository\org\springframework\spring-jdbc\5.0.5.RELEASE\spring-jdbc-5.0.5.RELEASE.jar;E:\maven\maven_repository\mysql\mysql-connector-java\5.1.46\mysql-connector-java-5.1.46.jar;E:\maven\maven_repository\org\springframework\boot\spring-boot-starter-test\2.0.1.RELEASE\spring-boot-starter-test-2.0.1.RELEASE.jar;E:\maven\maven_repository\org\springframework\boot\spring-boot-test\2.0.1.RELEASE\spring-boot-test-2.0.1.RELEASE.jar;E:\maven\maven_repository\org\springframework\boot\spring-boot-test-autoconfigure\2.0.1.RELEASE\spring-boot-test-autoconfigure-2.0.1.RELEASE.jar;E:\maven\maven_repository\com\jayway\jsonpath\json-path\2.4.0\json-path-2.4.0.jar;E:\maven\maven_repository\net\minidev\json-smart\2.3\json-smart-2.3.jar;E:\maven\maven_repository\net\minidev\accessors-smart\1.2\accessors-smart-1.2.jar;E:\maven\maven_repository\org\ow2\asm\asm\5.0.4\asm-5.0.4.jar;E:\maven\maven_repository\org\slf4j\slf4j-api\1.7.25\slf4j-api-1.7.25.jar;E:\maven\maven_repository\junit\junit\4.12\junit-4.12.jar;E:\maven\maven_repository\org\assertj\assertj-core\3.9.1\assertj-core-3.9.1.jar;E:\maven\maven_repository\org\mockito\mockito-core\2.15.0\mockito-core-2.15.0.jar;E:\maven\maven_repository\net\bytebuddy\byte-buddy\1.7.11\byte-buddy-1.7.11.jar;E:\maven\maven_repository\net\bytebuddy\byte-buddy-agent\1.7.11\byte-buddy-agent-1.7.11.jar;E:\maven\maven_repository\org\objenesis\objenesis\2.6\objenesis-2.6.jar;E:\maven\maven_repository\org\hamcrest\hamcrest-core\1.3\hamcrest-core-1.3.jar;E:\maven\maven_repository\org\hamcrest\hamcrest-library\1.3\hamcrest-library-1.3.jar;E:\maven\maven_repository\org\skyscreamer\jsonassert\1.5.0\jsonassert-1.5.0.jar;E:\maven\maven_repository\com\vaadin\external\google\android-json\0.0.20131108.vaadin1\android-json-0.0.20131108.vaadin1.jar;E:\maven\maven_repository\org\springframework\spring-core\5.0.5.RELEASE\spring-core-5.0.5.RELEASE.jar;E:\maven\maven_repository\org\springframework\spring-jcl\5.0.5.RELEASE\spring-jcl-5.0.5.RELEASE.jar;E:\maven\maven_repository\org\springframework\spring-test\5.0.5.RELEASE\spring-test-5.0.5.RELEASE.jar;E:\maven\maven_repository\org\xmlunit\xmlunit-core\2.5.1\xmlunit-core-2.5.1.jar;E:\maven\maven_repository\org\springframework\boot\spring-boot-starter-data-redis\2.0.1.RELEASE\spring-boot-starter-data-redis-2.0.1.RELEASE.jar;E:\maven\maven_repository\org\springframework\data\spring-data-redis\2.0.6.RELEASE\spring-data-redis-2.0.6.RELEASE.jar;E:\maven\maven_repository\org\springframework\data\spring-data-keyvalue\2.0.6.RELEASE\spring-data-keyvalue-2.0.6.RELEASE.jar;E:\maven\maven_repository\org\springframework\data\spring-data-commons\2.0.6.RELEASE\spring-data-commons-2.0.6.RELEASE.jar;E:\maven\maven_repository\org\springframework\spring-tx\5.0.5.RELEASE\spring-tx-5.0.5.RELEASE.jar;E:\maven\maven_repository\org\springframework\spring-oxm\5.0.5.RELEASE\spring-oxm-5.0.5.RELEASE.jar;E:\maven\maven_repository\org\springframework\spring-context-support\5.0.5.RELEASE\spring-context-support-5.0.5.RELEASE.jar;E:\maven\maven_repository\io\lettuce\lettuce-core\5.0.3.RELEASE\lettuce-core-5.0.3.RELEASE.jar;E:\maven\maven_repository\io\projectreactor\reactor-core\3.1.6.RELEASE\reactor-core-3.1.6.RELEASE.jar;E:\maven\maven_repository\org\reactivestreams\reactive-streams\1.0.2\reactive-streams-1.0.2.jar;E:\maven\maven_repository\io\netty\netty-common\4.1.23.Final\netty-common-4.1.23.Final.jar;E:\maven\maven_repository\io\netty\netty-transport\4.1.23.Final\netty-transport-4.1.23.Final.jar;E:\maven\maven_repository\io\netty\netty-buffer\4.1.23.Final\netty-buffer-4.1.23.Final.jar;E:\maven\maven_repository\io\netty\netty-resolver\4.1.23.Final\netty-resolver-4.1.23.Final.jar;E:\maven\maven_repository\io\netty\netty-handler\4.1.23.Final\netty-handler-4.1.23.Final.jar;E:\maven\maven_repository\io\netty\netty-codec\4.1.23.Final\netty-codec-4.1.23.Final.jar;, java.specification.name=Java Platform API Specification, java.class.version=52.0, sun.management.compiler=HotSpot 64-Bit Tiered Compilers, os.version=10.0, user.home=C:\Users\KaiHai  Tang, user.timezone=Asia/Shanghai, java.awt.printerjob=sun.awt.windows.WPrinterJob, file.encoding=GBK, java.specification.version=1.8, java.class.path=E:\IdeaProjects\springboot_quick\target\test-classes;E:\IdeaProjects\springboot_quick\target\classes;E:\maven\maven_repository\org\springframework\boot\spring-boot-starter-web\2.0.1.RELEASE\spring-boot-starter-web-2.0.1.RELEASE.jar;E:\maven\maven_repository\org\springframework\boot\spring-boot-starter\2.0.1.RELEASE\spring-boot-starter-2.0.1.RELEASE.jar;E:\maven\maven_repository\org\springframework\boot\spring-boot-starter-logging\2.0.1.RELEASE\spring-boot-starter-logging-2.0.1.RELEASE.jar;E:\maven\maven_repository\ch\qos\logback\logback-classic\1.2.3\logback-classic-1.2.3.jar;E:\maven\maven_repository\ch\qos\logback\logback-core\1.2.3\logback-core-1.2.3.jar;E:\maven\maven_repository\org\apache\logging\log4j\log4j-to-slf4j\2.10.0\log4j-to-slf4j-2.10.0.jar;E:\maven\maven_repository\org\apache\logging\log4j\log4j-api\2.10.0\log4j-api-2.10.0.jar;E:\maven\maven_repository\org\slf4j\jul-to-slf4j\1.7.25\jul-to-slf4j-1.7.25.jar;E:\maven\maven_repository\javax\annotation\javax.annotation-api\1.3.2\javax.annotation-api-1.3.2.jar;E:\maven\maven_repository\org\yaml\snakeyaml\1.19\snakeyaml-1.19.jar;E:\maven\maven_repository\org\springframework\boot\spring-boot-starter-json\2.0.1.RELEASE\spring-boot-starter-json-2.0.1.RELEASE.jar;E:\maven\maven_repository\com\fasterxml\jackson\core\jackson-databind\2.9.5\jackson-databind-2.9.5.jar;E:\maven\maven_repository\com\fasterxml\jackson\core\jackson-annotations\2.9.0\jackson-annotations-2.9.0.jar;E:\maven\maven_repository\com\fasterxml\jackson\core\jackson-core\2.9.5\jackson-core-2.9.5.jar;E:\maven\maven_repository\com\fasterxml\jackson\datatype\jackson-datatype-jdk8\2.9.5\jackson-datatype-jdk8-2.9.5.jar;E:\maven\maven_repository\com\fasterxml\jackson\datatype\jackson-datatype-jsr310\2.9.5\jackson-datatype-jsr310-2.9.5.jar;E:\maven\maven_repository\com\fasterxml\jackson\module\jackson-module-parameter-names\2.9.5\jackson-module-parameter-names-2.9.5.jar;E:\maven\maven_repository\org\springframework\boot\spring-boot-starter-tomcat\2.0.1.RELEASE\spring-boot-starter-tomcat-2.0.1.RELEASE.jar;E:\maven\maven_repository\org\apache\tomcat\embed\tomcat-embed-core\8.5.29\tomcat-embed-core-8.5.29.jar;E:\maven\maven_repository\org\apache\tomcat\embed\tomcat-embed-el\8.5.29\tomcat-embed-el-8.5.29.jar;E:\maven\maven_repository\org\apache\tomcat\embed\tomcat-embed-websocket\8.5.29\tomcat-embed-websocket-8.5.29.jar;E:\maven\maven_repository\org\hibernate\validator\hibernate-validator\6.0.9.Final\hibernate-validator-6.0.9.Final.jar;E:\maven\maven_repository\javax\validation\validation-api\2.0.1.Final\validation-api-2.0.1.Final.jar;E:\maven\maven_repository\org\jboss\logging\jboss-logging\3.3.2.Final\jboss-logging-3.3.2.Final.jar;E:\maven\maven_repository\com\fasterxml\classmate\1.3.4\classmate-1.3.4.jar;E:\maven\maven_repository\org\springframework\spring-web\5.0.5.RELEASE\spring-web-5.0.5.RELEASE.jar;E:\maven\maven_repository\org\springframework\spring-beans\5.0.5.RELEASE\spring-beans-5.0.5.RELEASE.jar;E:\maven\maven_repository\org\springframework\spring-webmvc\5.0.5.RELEASE\spring-webmvc-5.0.5.RELEASE.jar;E:\maven\maven_repository\org\springframework\spring-aop\5.0.5.RELEASE\spring-aop-5.0.5.RELEASE.jar;E:\maven\maven_repository\org\springframework\spring-context\5.0.5.RELEASE\spring-context-5.0.5.RELEASE.jar;E:\maven\maven_repository\org\springframework\spring-expression\5.0.5.RELEASE\spring-expression-5.0.5.RELEASE.jar;E:\maven\maven_repository\org\springframework\boot\spring-boot-devtools\2.0.1.RELEASE\spring-boot-devtools-2.0.1.RELEASE.jar;E:\maven\maven_repository\org\springframework\boot\spring-boot\2.0.1.RELEASE\spring-boot-2.0.1.RELEASE.jar;E:\maven\maven_repository\org\springframework\boot\spring-boot-autoconfigure\2.0.1.RELEASE\spring-boot-autoconfigure-2.0.1.RELEASE.jar;E:\maven\maven_repository\org\springframework\boot\spring-boot-configuration-processor\2.0.1.RELEASE\spring-boot-configuration-processor-2.0.1.RELEASE.jar;E:\maven\maven_repository\org\mybatis\spring\boot\mybatis-spring-boot-starter\1.1.1\mybatis-spring-boot-starter-1.1.1.jar;E:\maven\maven_repository\org\mybatis\spring\boot\mybatis-spring-boot-autoconfigure\1.1.1\mybatis-spring-boot-autoconfigure-1.1.1.jar;E:\maven\maven_repository\org\mybatis\mybatis\3.4.0\mybatis-3.4.0.jar;E:\maven\maven_repository\org\mybatis\mybatis-spring\1.3.0\mybatis-spring-1.3.0.jar;E:\maven\maven_repository\org\springframework\boot\spring-boot-starter-jdbc\2.0.1.RELEASE\spring-boot-starter-jdbc-2.0.1.RELEASE.jar;E:\maven\maven_repository\com\zaxxer\HikariCP\2.7.8\HikariCP-2.7.8.jar;E:\maven\maven_repository\org\springframework\spring-jdbc\5.0.5.RELEASE\spring-jdbc-5.0.5.RELEASE.jar;E:\maven\maven_repository\mysql\mysql-connector-java\5.1.46\mysql-connector-java-5.1.46.jar;E:\maven\maven_repository\org\springframework\boot\spring-boot-starter-test\2.0.1.RELEASE\spring-boot-starter-test-2.0.1.RELEASE.jar;E:\maven\maven_repository\org\springframework\boot\spring-boot-test\2.0.1.RELEASE\spring-boot-test-2.0.1.RELEASE.jar;E:\maven\maven_repository\org\springframework\boot\spring-boot-test-autoconfigure\2.0.1.RELEASE\spring-boot-test-autoconfigure-2.0.1.RELEASE.jar;E:\maven\maven_repository\com\jayway\jsonpath\json-path\2.4.0\json-path-2.4.0.jar;E:\maven\maven_repository\net\minidev\json-smart\2.3\json-smart-2.3.jar;E:\maven\maven_repository\net\minidev\accessors-smart\1.2\accessors-smart-1.2.jar;E:\maven\maven_repository\org\ow2\asm\asm\5.0.4\asm-5.0.4.jar;E:\maven\maven_repository\org\slf4j\slf4j-api\1.7.25\slf4j-api-1.7.25.jar;E:\maven\maven_repository\junit\junit\4.12\junit-4.12.jar;E:\maven\maven_repository\org\assertj\assertj-core\3.9.1\assertj-core-3.9.1.jar;E:\maven\maven_repository\org\mockito\mockito-core\2.15.0\mockito-core-2.15.0.jar;E:\maven\maven_repository\net\bytebuddy\byte-buddy\1.7.11\byte-buddy-1.7.11.jar;E:\maven\maven_repository\net\bytebuddy\byte-buddy-agent\1.7.11\byte-buddy-agent-1.7.11.jar;E:\maven\maven_repository\org\objenesis\objenesis\2.6\objenesis-2.6.jar;E:\maven\maven_repository\org\hamcrest\hamcrest-core\1.3\hamcrest-core-1.3.jar;E:\maven\maven_repository\org\hamcrest\hamcrest-library\1.3\hamcrest-library-1.3.jar;E:\maven\maven_repository\org\skyscreamer\jsonassert\1.5.0\jsonassert-1.5.0.jar;E:\maven\maven_repository\com\vaadin\external\google\android-json\0.0.20131108.vaadin1\android-json-0.0.20131108.vaadin1.jar;E:\maven\maven_repository\org\springframework\spring-core\5.0.5.RELEASE\spring-core-5.0.5.RELEASE.jar;E:\maven\maven_repository\org\springframework\spring-jcl\5.0.5.RELEASE\spring-jcl-5.0.5.RELEASE.jar;E:\maven\maven_repository\org\springframework\spring-test\5.0.5.RELEASE\spring-test-5.0.5.RELEASE.jar;E:\maven\maven_repository\org\xmlunit\xmlunit-core\2.5.1\xmlunit-core-2.5.1.jar;E:\maven\maven_repository\org\springframework\boot\spring-boot-starter-data-redis\2.0.1.RELEASE\spring-boot-starter-data-redis-2.0.1.RELEASE.jar;E:\maven\maven_repository\org\springframework\data\spring-data-redis\2.0.6.RELEASE\spring-data-redis-2.0.6.RELEASE.jar;E:\maven\maven_repository\org\springframework\data\spring-data-keyvalue\2.0.6.RELEASE\spring-data-keyvalue-2.0.6.RELEASE.jar;E:\maven\maven_repository\org\springframework\data\spring-data-commons\2.0.6.RELEASE\spring-data-commons-2.0.6.RELEASE.jar;E:\maven\maven_repository\org\springframework\spring-tx\5.0.5.RELEASE\spring-tx-5.0.5.RELEASE.jar;E:\maven\maven_repository\org\springframework\spring-oxm\5.0.5.RELEASE\spring-oxm-5.0.5.RELEASE.jar;E:\maven\maven_repository\org\springframework\spring-context-support\5.0.5.RELEASE\spring-context-support-5.0.5.RELEASE.jar;E:\maven\maven_repository\io\lettuce\lettuce-core\5.0.3.RELEASE\lettuce-core-5.0.3.RELEASE.jar;E:\maven\maven_repository\io\projectreactor\reactor-core\3.1.6.RELEASE\reactor-core-3.1.6.RELEASE.jar;E:\maven\maven_repository\org\reactivestreams\reactive-streams\1.0.2\reactive-streams-1.0.2.jar;E:\maven\maven_repository\io\netty\netty-common\4.1.23.Final\netty-common-4.1.23.Final.jar;E:\maven\maven_repository\io\netty\netty-transport\4.1.23.Final\netty-transport-4.1.23.Final.jar;E:\maven\maven_repository\io\netty\netty-buffer\4.1.23.Final\netty-buffer-4.1.23.Final.jar;E:\maven\maven_repository\io\netty\netty-resolver\4.1.23.Final\netty-resolver-4.1.23.Final.jar;E:\maven\maven_repository\io\netty\netty-handler\4.1.23.Final\netty-handler-4.1.23.Final.jar;E:\maven\maven_repository\io\netty\netty-codec\4.1.23.Final\netty-codec-4.1.23.Final.jar;, user.name=KaiHai  Tang, java.vm.specification.version=1.8, sun.java.command=C:\Users\KAIHAI~1\AppData\Local\Temp\surefire1821893772878514563\surefirebooter738540644359898052.jar C:\Users\KaiHai  Tang\AppData\Local\Temp\surefire1821893772878514563 2020-06-10T22-49-38_251-jvmRun1 surefire8625867124845059249tmp surefire_05412530627852391482tmp, java.home=E:\Java\jdk1.8.0_131\jre, sun.arch.data.model=64, user.language=zh, java.specification.vendor=Oracle Corporation, idea.version2019.1.3=true, awt.toolkit=sun.awt.windows.WToolkit, java.vm.info=mixed mode, java.version=1.8.0_131, java.ext.dirs=E:\Java\jdk1.8.0_131\jre\lib\ext;C:\WINDOWS\Sun\Java\lib\ext, sun.boot.class.path=E:\Java\jdk1.8.0_131\jre\lib\resources.jar;E:\Java\jdk1.8.0_131\jre\lib\rt.jar;E:\Java\jdk1.8.0_131\jre\lib\sunrsasign.jar;E:\Java\jdk1.8.0_131\jre\lib\jsse.jar;E:\Java\jdk1.8.0_131\jre\lib\jce.jar;E:\Java\jdk1.8.0_131\jre\lib\charsets.jar;E:\Java\jdk1.8.0_131\jre\lib\jfr.jar;E:\Java\jdk1.8.0_131\jre\classes, java.vendor=Oracle Corporation, localRepository=E:\maven\maven_repository, file.separator=\, java.vendor.url.bug=http://bugreport.sun.com/bugreport/, sun.io.unicode.encoding=UnicodeLittle, sun.cpu.endian=little, sun.desktop=windows, sun.cpu.isalist=amd64}}, SystemEnvironmentPropertySource@1208203046 {name='systemEnvironment', properties={PATH=C:\Program Files (x86)\Common Files\Intel\Shared Files\cpp\bin\Intel64;E:\Java\jdk1.8.0_131\bin;E:\Java\jdk1.8.0_131\jre\bin;C:\Program Files (x86)\Intel\iCLS Client\;C:\Program Files\Intel\iCLS Client\;C:\Windows\system32;C:\Windows;C:\Windows\System32\Wbem;C:\Windows\System32\WindowsPowerShell\v1.0\;C:\Program Files (x86)\NVIDIA Corporation\PhysX\Common;C:\Program Files (x86)\Intel\Intel(R) Management Engine Components\DAL;C:\Program Files\Intel\Intel(R) Management Engine Components\DAL;C:\Program Files (x86)\Intel\Intel(R) Management Engine Components\IPT;C:\Program Files\Intel\Intel(R) Management Engine Components\IPT;E:\apache-tomcat-7.0.78\lib;E:\apache-tomcat-7.0.78\bin;E:\instantclient_11_2;C:\Program Files\TortoiseSVN\bin;E:\apache-cxf-3.1.10\bin;E:\python27;E:\maven\apache-maven-3.3.9\bin;E:\Android\android-sdk-windows\platform-tools;E:\Android\android-sdk-windows\tools;E:\apache-ant-1.9.6\bin;D:\nodejs\;E:\MySQL\MySQL Server 5.5\bin;C:\WINDOWS\system32;C:\WINDOWS;C:\WINDOWS\System32\Wbem;C:\WINDOWS\System32\WindowsPowerShell\v1.0\;E:\VisualSVN Server\bin;C:\WINDOWS\System32\OpenSSH\;E:\Git\cmd;C:\Program Files\MongoDB\Server\4.2\bin;C:\Users\KaiHai  Tang\AppData\Roaming\npm\node_modules;C:\Users\KaiHai  Tang\AppData\Local\Microsoft\WindowsApps;;E:\Programs\Microsoft VS Code\bin, USERDOMAIN_ROAMINGPROFILE=DESKTOP-4J438NK, PROCESSOR_LEVEL=6, SYSTEMDRIVE=C:, SESSIONNAME=Console, ALLUSERSPROFILE=C:\ProgramData, PROCESSOR_ARCHITECTURE=AMD64, TNS_ADMIN=E:\instantclient_11_2, DRIVERDATA=C:\Windows\System32\Drivers\DriverData, =E:=E:\IdeaProjects\springboot_quick, MAVEN_HOME=E:\maven\apache-maven-3.3.9, PROGRAMFILES=C:\Program Files, PSMODULEPATH=C:\Program Files\WindowsPowerShell\Modules;C:\WINDOWS\system32\WindowsPowerShell\v1.0\Modules;E:\VisualSVN Server\PowerShellModules, PROGRAMDATA=C:\ProgramData, USERNAME=KaiHai  Tang, AWE_DIR=C:\Program Files (x86)\Khrona LLC\Awesomium SDK\1.6.6\, VISUALSVN_SERVER=E:\VisualSVN Server\, ONEDRIVE=C:\Users\KaiHai  Tang\OneDrive, PATHEXT=.COM;.EXE;.BAT;.CMD;.VBS;.VBE;.JS;.JSE;.WSF;.WSH;.MSC, WINDIR=C:\WINDOWS, HOMEPATH=\Users\KaiHai  Tang, PROCESSOR_IDENTIFIER=Intel64 Family 6 Model 158 Stepping 9, GenuineIntel, PUBLIC=C:\Users\Public, =::=::\, C_EM64T_REDIST11=C:\Program Files (x86)\Common Files\Intel\Shared Files\cpp\, LOCALAPPDATA=C:\Users\KaiHai  Tang\AppData\Local, COMMONPROGRAMFILES(X86)=C:\Program Files (x86)\Common Files, USERDOMAIN=DESKTOP-4J438NK, LOGONSERVER=\\DESKTOP-4J438NK, JAVA_HOME=E:\Java\jdk1.8.0_131, PROMPT=$P$G, PROGRAMFILES(X86)=C:\Program Files (x86), ASL.LOG=Destination=file, CATALINA_BASE=E:\apache-tomcat-7.0.78, APPDATA=C:\Users\KaiHai  Tang\AppData\Roaming, PROGRAMW6432=C:\Program Files, SYSTEMROOT=C:\WINDOWS, OS=Windows_NT, COMMONPROGRAMW6432=C:\Program Files\Common Files, COMPUTERNAME=DESKTOP-4J438NK, COMMONPROGRAMFILES=C:\Program Files\Common Files, COMSPEC=C:\WINDOWS\system32\cmd.exe, CATALINA_HOME=E:\apache-tomcat-7.0.78, PROCESSOR_REVISION=9e09, CLASSPATH=.;E:\Java\jdk1.8.0_131\lib;E:\Java\jdk1.8.0_131\lib\tools.jar, NLS_LANG=AMERICAN_AMERICA.ZHS16GBK, TEMP=C:\Users\KAIHAI~1\AppData\Local\Temp, HOMEDRIVE=C:, USERPROFILE=C:\Users\KaiHai  Tang, TMP=C:\Users\KAIHAI~1\AppData\Local\Temp, NUMBER_OF_PROCESSORS=8}}]
22:49:42.921 [main] DEBUG org.springframework.test.context.support.TestPropertySourceUtils - Adding inlined properties to environment: {spring.jmx.enabled=false, org.springframework.boot.test.context.SpringBootTestContextBootstrapper=true, server.port=-1}
22:49:42.921 [main] DEBUG org.springframework.core.env.StandardEnvironment - Adding PropertySource 'Inlined Test Properties' with highest search precedence

  .   ____          _            __ _ _
 /\\ / ___'_ __ _ _(_)_ __  __ _ \ \ \ \
( ( )\___ | '_ | '_| | '_ \/ _` | \ \ \ \
 \\/  ___)| |_)| | | | | || (_| |  ) ) ) )
  '  |____| .__|_| |_|_| |_\__, | / / / /
 =========|_|==============|___/=/_/_/_/
 :: Spring Boot ::        (v2.0.1.RELEASE)

2020-06-10 22:49:43.720  INFO 11884 --- [           main] com.itheima.MapperTest                   : Starting MapperTest on DESKTOP-4J438NK with PID 11884 (started by KaiHai  Tang in E:\IdeaProjects\springboot_quick)
2020-06-10 22:49:43.721  INFO 11884 --- [           main] com.itheima.MapperTest                   : No active profile set, falling back to default profiles: default
2020-06-10 22:49:43.787  INFO 11884 --- [           main] o.s.w.c.s.GenericWebApplicationContext   : Refreshing org.springframework.web.context.support.GenericWebApplicationContext@43b9fd5: startup date [Wed Jun 10 22:49:43 CST 2020]; root of context hierarchy
2020-06-10 22:49:45.055  INFO 11884 --- [           main] .s.d.r.c.RepositoryConfigurationDelegate : Multiple Spring Data modules found, entering strict repository configuration mode!
2020-06-10 22:49:45.593  INFO 11884 --- [           main] trationDelegate$BeanPostProcessorChecker : Bean 'org.springframework.transaction.annotation.ProxyTransactionManagementConfiguration' of type [org.springframework.transaction.annotation.ProxyTransactionManagementConfiguration$$EnhancerBySpringCGLIB$$85f798ce] is not eligible for getting processed by all BeanPostProcessors (for example: not eligible for auto-proxying)
2020-06-10 22:49:46.543  INFO 11884 --- [           main] o.s.w.s.handler.SimpleUrlHandlerMapping  : Mapped URL path [/**/favicon.ico] onto handler of type [class org.springframework.web.servlet.resource.ResourceHttpRequestHandler]
2020-06-10 22:49:46.944  INFO 11884 --- [           main] s.w.s.m.m.a.RequestMappingHandlerAdapter : Looking for @ControllerAdvice: org.springframework.web.context.support.GenericWebApplicationContext@43b9fd5: startup date [Wed Jun 10 22:49:43 CST 2020]; root of context hierarchy
2020-06-10 22:49:47.039  INFO 11884 --- [           main] s.w.s.m.m.a.RequestMappingHandlerMapping : Mapped "{[/quick]}" onto public java.lang.String com.itheima.controller.QuickStartController.quick()
2020-06-10 22:49:47.040  INFO 11884 --- [           main] s.w.s.m.m.a.RequestMappingHandlerMapping : Mapped "{[/queryuserlist]}" onto public java.util.List<com.itheima.domain.User> com.itheima.controller.UserController.queryUserList()
2020-06-10 22:49:47.043  INFO 11884 --- [           main] s.w.s.m.m.a.RequestMappingHandlerMapping : Mapped "{[/error]}" onto public org.springframework.http.ResponseEntity<java.util.Map<java.lang.String, java.lang.Object>> org.springframework.boot.autoconfigure.web.servlet.error.BasicErrorController.error(javax.servlet.http.HttpServletRequest)
2020-06-10 22:49:47.044  INFO 11884 --- [           main] s.w.s.m.m.a.RequestMappingHandlerMapping : Mapped "{[/error],produces=[text/html]}" onto public org.springframework.web.servlet.ModelAndView org.springframework.boot.autoconfigure.web.servlet.error.BasicErrorController.errorHtml(javax.servlet.http.HttpServletRequest,javax.servlet.http.HttpServletResponse)
2020-06-10 22:49:47.081  INFO 11884 --- [           main] o.s.w.s.handler.SimpleUrlHandlerMapping  : Mapped URL path [/webjars/**] onto handler of type [class org.springframework.web.servlet.resource.ResourceHttpRequestHandler]
2020-06-10 22:49:47.081  INFO 11884 --- [           main] o.s.w.s.handler.SimpleUrlHandlerMapping  : Mapped URL path [/**] onto handler of type [class org.springframework.web.servlet.resource.ResourceHttpRequestHandler]
2020-06-10 22:49:49.002  INFO 11884 --- [           main] com.itheima.MapperTest                   : Started MapperTest in 6.064 seconds (JVM running for 7.844)
2020-06-10 22:49:49.410  INFO 11884 --- [           main] io.lettuce.core.EpollProvider            : Starting without optional epoll library
2020-06-10 22:49:49.412  INFO 11884 --- [           main] io.lettuce.core.KqueueProvider           : Starting without optional kqueue library
]]></system-out>
  </testcase>
</testsuite>